2017-07-24 17:45:07 - MOD: Modification Default
FILE: system/engine/action.php
REGEX: ~(require|include)(_once)?\(([^)]+)~
LINE: 34
FILE: system/engine/loader.php
REGEX: ~(require|include)(_once)?\(([^)]+)~
LINE: 41
LINE: 92
LINE: 104
LINE: 142
FILE: system/library/config.php
REGEX: ~(require|include)(_once)?\(([^)]+)~
LINE: 23
FILE: system/library/language.php
REGEX: ~(require|include)(_once)?\(([^)]+)~
LINE: 35
LINE: 41
LINE: 47
FILE: system/library/template/basic.php
REGEX: ~(require|include)(_once)?\(([^)]+)~
LINE: 18
----------------------------------------------------------------
2017-07-25 13:15:24 - MOD: Modification Default
FILE: system/engine/action.php
REGEX: ~(require|include)(_once)?\(([^)]+)~
LINE: 34
FILE: system/engine/loader.php
REGEX: ~(require|include)(_once)?\(([^)]+)~
LINE: 41
LINE: 92
LINE: 104
LINE: 142
FILE: system/library/config.php
REGEX: ~(require|include)(_once)?\(([^)]+)~
LINE: 23
FILE: system/library/language.php
REGEX: ~(require|include)(_once)?\(([^)]+)~
LINE: 35
LINE: 41
LINE: 47
FILE: system/library/template/basic.php
REGEX: ~(require|include)(_once)?\(([^)]+)~
LINE: 18
----------------------------------------------------------------
2017-07-25 15:46:54 - MOD: Modification Default
FILE: system/engine/action.php
REGEX: ~(require|include)(_once)?\(([^)]+)~
LINE: 34
FILE: system/engine/loader.php
REGEX: ~(require|include)(_once)?\(([^)]+)~
LINE: 41
LINE: 92
LINE: 104
LINE: 142
FILE: system/library/config.php
REGEX: ~(require|include)(_once)?\(([^)]+)~
LINE: 23
FILE: system/library/language.php
REGEX: ~(require|include)(_once)?\(([^)]+)~
LINE: 35
LINE: 41
LINE: 47
FILE: system/library/template/basic.php
REGEX: ~(require|include)(_once)?\(([^)]+)~
LINE: 18
----------------------------------------------------------------
MOD: Local copy OCMOD by iSenseLabs
FILE: admin/controller/extension/installer.php
CODE: 'url'  => str_replace('&amp;', '&', $this->url->link('extension/installer/ftp', 'token=' . $this->session->data['token'],
LINE: 132
CODE: public function unzip() {
LINE: 293
----------------------------------------------------------------
2017-07-31 7:32:41 - MOD: Modification Default
FILE: system/engine/action.php
REGEX: ~(require|include)(_once)?\(([^)]+)~
LINE: 34
FILE: system/engine/loader.php
REGEX: ~(require|include)(_once)?\(([^)]+)~
LINE: 41
LINE: 92
LINE: 104
LINE: 142
FILE: system/library/config.php
REGEX: ~(require|include)(_once)?\(([^)]+)~
LINE: 23
FILE: system/library/language.php
REGEX: ~(require|include)(_once)?\(([^)]+)~
LINE: 35
LINE: 41
LINE: 47
FILE: system/library/template/basic.php
REGEX: ~(require|include)(_once)?\(([^)]+)~
LINE: 18
----------------------------------------------------------------
MOD: Local copy OCMOD by iSenseLabs
FILE: admin/controller/extension/installer.php
CODE: 'url'  => str_replace('&amp;', '&', $this->url->link('extension/installer/ftp', 'token=' . $this->session->data['token'],
LINE: 132
CODE: public function unzip() {
LINE: 293
----------------------------------------------------------------
MOD: Shipping Icon Checkout Page for F2/F3/MX5 (oc2.2.x)
FILE: catalog/view/theme/default/template/checkout/shipping_method.tpl
CODE: <?php echo $quote['title']; ?>
LINE: 17
FILE: catalog/view/theme/free-avenue-computers-azure/template/checkout/shipping_method.tpl
CODE: <?php echo $quote['title']; ?>
LINE: 17
FILE: catalog/model/shipping/pickup.php
CODE: $quote_data['pickup'] = array(
LINE: 24
CODE: => $this->language->get('text_title'),
LINE: 34
FILE: catalog/language/en-gb/shipping/pickup.php
CODE: <?php
LINE: 3
FILE: catalog/model/shipping/flat.php
CODE: $quote_data['flat'] = array(
LINE: 24
CODE: => $this->language->get('text_title'),
LINE: 34
FILE: catalog/language/en-gb/shipping/flat.php
CODE: <?php
LINE: 3
FILE: catalog/model/shipping/free.php
CODE: $quote_data['free'] = array(
LINE: 28
CODE: => $this->language->get('text_title'),
LINE: 38
FILE: catalog/language/en-gb/shipping/free.php
CODE: <?php
LINE: 3
----------------------------------------------------------------
2017-08-09 3:14:38 - MOD: Modification Default
FILE: system/engine/action.php
REGEX: ~(require|include)(_once)?\(([^)]+)~
LINE: 34
FILE: system/engine/loader.php
REGEX: ~(require|include)(_once)?\(([^)]+)~
LINE: 41
LINE: 92
LINE: 104
LINE: 142
FILE: system/library/config.php
REGEX: ~(require|include)(_once)?\(([^)]+)~
LINE: 23
FILE: system/library/language.php
REGEX: ~(require|include)(_once)?\(([^)]+)~
LINE: 35
LINE: 41
LINE: 47
FILE: system/library/template/basic.php
REGEX: ~(require|include)(_once)?\(([^)]+)~
LINE: 18
----------------------------------------------------------------
MOD: Local copy OCMOD by iSenseLabs
FILE: admin/controller/extension/installer.php
CODE: 'url'  => str_replace('&amp;', '&', $this->url->link('extension/installer/ftp', 'token=' . $this->session->data['token'],
LINE: 132
CODE: public function unzip() {
LINE: 293
----------------------------------------------------------------
MOD: Shipping Icon Checkout Page for F2/F3/MX5 (oc2.2.x)
FILE: catalog/view/theme/default/template/checkout/shipping_method.tpl
CODE: <?php echo $quote['title']; ?>
LINE: 17
FILE: catalog/view/theme/free-avenue-computers-azure/template/checkout/shipping_method.tpl
CODE: <?php echo $quote['title']; ?>
LINE: 17
FILE: catalog/model/shipping/pickup.php
CODE: $quote_data['pickup'] = array(
LINE: 24
CODE: => $this->language->get('text_title'),
LINE: 34
FILE: catalog/language/en-gb/shipping/pickup.php
CODE: <?php
LINE: 3
FILE: catalog/model/shipping/flat.php
CODE: $quote_data['flat'] = array(
LINE: 24
CODE: => $this->language->get('text_title'),
LINE: 34
FILE: catalog/language/en-gb/shipping/flat.php
CODE: <?php
LINE: 3
FILE: catalog/model/shipping/free.php
CODE: $quote_data['free'] = array(
LINE: 28
CODE: => $this->language->get('text_title'),
LINE: 38
FILE: catalog/language/en-gb/shipping/free.php
CODE: <?php
LINE: 3
----------------------------------------------------------------
2017-08-09 3:14:40 - MOD: Modification Default
FILE: system/engine/action.php
REGEX: ~(require|include)(_once)?\(([^)]+)~
LINE: 34
FILE: system/engine/loader.php
REGEX: ~(require|include)(_once)?\(([^)]+)~
LINE: 41
LINE: 92
LINE: 104
LINE: 142
FILE: system/library/config.php
REGEX: ~(require|include)(_once)?\(([^)]+)~
LINE: 23
FILE: system/library/language.php
REGEX: ~(require|include)(_once)?\(([^)]+)~
LINE: 35
LINE: 41
LINE: 47
FILE: system/library/template/basic.php
REGEX: ~(require|include)(_once)?\(([^)]+)~
LINE: 18
----------------------------------------------------------------
MOD: Local copy OCMOD by iSenseLabs
FILE: admin/controller/extension/installer.php
CODE: 'url'  => str_replace('&amp;', '&', $this->url->link('extension/installer/ftp', 'token=' . $this->session->data['token'],
LINE: 132
CODE: public function unzip() {
LINE: 293
----------------------------------------------------------------
MOD: Shipping Icon Checkout Page for F2/F3/MX5 (oc2.2.x)
FILE: catalog/view/theme/default/template/checkout/shipping_method.tpl
CODE: <?php echo $quote['title']; ?>
LINE: 17
FILE: catalog/view/theme/free-avenue-computers-azure/template/checkout/shipping_method.tpl
CODE: <?php echo $quote['title']; ?>
LINE: 17
FILE: catalog/model/shipping/pickup.php
CODE: $quote_data['pickup'] = array(
LINE: 24
CODE: => $this->language->get('text_title'),
LINE: 34
FILE: catalog/language/en-gb/shipping/pickup.php
CODE: <?php
LINE: 3
FILE: catalog/model/shipping/flat.php
CODE: $quote_data['flat'] = array(
LINE: 24
CODE: => $this->language->get('text_title'),
LINE: 34
FILE: catalog/language/en-gb/shipping/flat.php
CODE: <?php
LINE: 3
FILE: catalog/model/shipping/free.php
CODE: $quote_data['free'] = array(
LINE: 28
CODE: => $this->language->get('text_title'),
LINE: 38
FILE: catalog/language/en-gb/shipping/free.php
CODE: <?php
LINE: 3
----------------------------------------------------------------
2017-08-10 8:12:10 - MOD: Modification Default
FILE: system/engine/action.php
REGEX: ~(require|include)(_once)?\(([^)]+)~
LINE: 34
FILE: system/engine/loader.php
REGEX: ~(require|include)(_once)?\(([^)]+)~
LINE: 41
LINE: 92
LINE: 104
LINE: 142
FILE: system/library/config.php
REGEX: ~(require|include)(_once)?\(([^)]+)~
LINE: 23
FILE: system/library/language.php
REGEX: ~(require|include)(_once)?\(([^)]+)~
LINE: 35
LINE: 41
LINE: 47
FILE: system/library/template/basic.php
REGEX: ~(require|include)(_once)?\(([^)]+)~
LINE: 18
----------------------------------------------------------------
MOD: Apply During Checkout
FILE: catalog/controller/checkout/payment_method.php
CODE: $data['text_comments'] = $this->language->get('text_comments');
LINE: 97
CODE: $data['text_payment_method'] = $this->language->get('text_payment_method');
LINE: 96
CODE: if (isset($this->session->data['agree'])) {
LINE: 180
FILE: catalog/language/en-gb/checkout/checkout.php
CODE: $_['text_cart']
LINE: 25
FILE: catalog/controller/total/coupon.php
CODE: $json['redirect'] = $this->url->link('checkout/cart');
LINE: 51
FILE: catalog/controller/total/voucher.php
CODE: $json['redirect'] = $this->url->link('checkout/cart');
LINE: 49
FILE: catalog/controller/total/reward.php
CODE: $json['redirect'] = $this->url->link('checkout/cart');
LINE: 72
FILE: catalog/view/theme/default/template/checkout/payment_method.tpl
CODE: <?php if ($text_agree) { ?>
LINE: 181
----------------------------------------------------------------
MOD: Local copy OCMOD by iSenseLabs
FILE: admin/controller/extension/installer.php
CODE: 'url'  => str_replace('&amp;', '&', $this->url->link('extension/installer/ftp', 'token=' . $this->session->data['token'],
LINE: 132
CODE: public function unzip() {
LINE: 293
----------------------------------------------------------------
MOD: Shipping Icon Checkout Page for F2/F3/MX5 (oc2.2.x)
FILE: catalog/view/theme/default/template/checkout/shipping_method.tpl
CODE: <?php echo $quote['title']; ?>
LINE: 17
FILE: catalog/view/theme/free-avenue-computers-azure/template/checkout/shipping_method.tpl
CODE: <?php echo $quote['title']; ?>
LINE: 17
FILE: catalog/model/shipping/pickup.php
CODE: $quote_data['pickup'] = array(
LINE: 24
CODE: => $this->language->get('text_title'),
LINE: 34
FILE: catalog/language/en-gb/shipping/pickup.php
CODE: <?php
LINE: 3
FILE: catalog/model/shipping/flat.php
CODE: $quote_data['flat'] = array(
LINE: 24
CODE: => $this->language->get('text_title'),
LINE: 34
FILE: catalog/language/en-gb/shipping/flat.php
CODE: <?php
LINE: 3
FILE: catalog/model/shipping/free.php
CODE: $quote_data['free'] = array(
LINE: 28
CODE: => $this->language->get('text_title'),
LINE: 38
FILE: catalog/language/en-gb/shipping/free.php
CODE: <?php
LINE: 3
----------------------------------------------------------------
2017-08-10 8:16:10 - MOD: Modification Default
FILE: system/engine/action.php
REGEX: ~(require|include)(_once)?\(([^)]+)~
LINE: 34
FILE: system/engine/loader.php
REGEX: ~(require|include)(_once)?\(([^)]+)~
LINE: 41
LINE: 92
LINE: 104
LINE: 142
FILE: system/library/config.php
REGEX: ~(require|include)(_once)?\(([^)]+)~
LINE: 23
FILE: system/library/language.php
REGEX: ~(require|include)(_once)?\(([^)]+)~
LINE: 35
LINE: 41
LINE: 47
FILE: system/library/template/basic.php
REGEX: ~(require|include)(_once)?\(([^)]+)~
LINE: 18
----------------------------------------------------------------
MOD: Apply During Checkout
FILE: catalog/controller/checkout/payment_method.php
CODE: $data['text_comments'] = $this->language->get('text_comments');
LINE: 97
CODE: $data['text_payment_method'] = $this->language->get('text_payment_method');
LINE: 96
CODE: if (isset($this->session->data['agree'])) {
LINE: 180
FILE: catalog/language/en-gb/checkout/checkout.php
CODE: $_['text_cart']
LINE: 25
FILE: catalog/controller/total/coupon.php
CODE: $json['redirect'] = $this->url->link('checkout/cart');
LINE: 51
FILE: catalog/controller/total/voucher.php
CODE: $json['redirect'] = $this->url->link('checkout/cart');
LINE: 49
FILE: catalog/controller/total/reward.php
CODE: $json['redirect'] = $this->url->link('checkout/cart');
LINE: 72
FILE: catalog/view/theme/default/template/checkout/payment_method.tpl
CODE: <?php if ($text_agree) { ?>
LINE: 181
----------------------------------------------------------------
MOD: Local copy OCMOD by iSenseLabs
FILE: admin/controller/extension/installer.php
CODE: 'url'  => str_replace('&amp;', '&', $this->url->link('extension/installer/ftp', 'token=' . $this->session->data['token'],
LINE: 132
CODE: public function unzip() {
LINE: 293
----------------------------------------------------------------
MOD: Shipping Icon Checkout Page for F2/F3/MX5 (oc2.2.x)
FILE: catalog/view/theme/default/template/checkout/shipping_method.tpl
CODE: <?php echo $quote['title']; ?>
LINE: 17
FILE: catalog/view/theme/free-avenue-computers-azure/template/checkout/shipping_method.tpl
CODE: <?php echo $quote['title']; ?>
LINE: 17
FILE: catalog/model/shipping/pickup.php
CODE: $quote_data['pickup'] = array(
LINE: 24
CODE: => $this->language->get('text_title'),
LINE: 34
FILE: catalog/language/en-gb/shipping/pickup.php
CODE: <?php
LINE: 3
FILE: catalog/model/shipping/flat.php
CODE: $quote_data['flat'] = array(
LINE: 24
CODE: => $this->language->get('text_title'),
LINE: 34
FILE: catalog/language/en-gb/shipping/flat.php
CODE: <?php
LINE: 3
FILE: catalog/model/shipping/free.php
CODE: $quote_data['free'] = array(
LINE: 28
CODE: => $this->language->get('text_title'),
LINE: 38
FILE: catalog/language/en-gb/shipping/free.php
CODE: <?php
LINE: 3
----------------------------------------------------------------
2017-08-25 3:46:54 - MOD: Modification Default
FILE: system/engine/action.php
REGEX: ~(require|include)(_once)?\(([^)]+)~
LINE: 34
FILE: system/engine/loader.php
REGEX: ~(require|include)(_once)?\(([^)]+)~
LINE: 41
LINE: 92
LINE: 104
LINE: 142
FILE: system/library/config.php
REGEX: ~(require|include)(_once)?\(([^)]+)~
LINE: 23
FILE: system/library/language.php
REGEX: ~(require|include)(_once)?\(([^)]+)~
LINE: 35
LINE: 41
LINE: 47
FILE: system/library/template/basic.php
REGEX: ~(require|include)(_once)?\(([^)]+)~
LINE: 18
----------------------------------------------------------------
MOD: AJAX Live Search
FILE: catalog/controller/common/footer.php
CODE: $this->load->language('common/footer');
LINE: 15
FILE: catalog/view/theme/default/template/common/footer.tpl
CODE: </footer>
LINE: 148
FILE: catalog/view/theme/free-avenue-computers-azure/template/common/footer.tpl
CODE: </footer>
LINE: 193
----------------------------------------------------------------
MOD: Apply During Checkout
FILE: catalog/controller/checkout/payment_method.php
CODE: $data['text_comments'] = $this->language->get('text_comments');
LINE: 97
CODE: $data['text_payment_method'] = $this->language->get('text_payment_method');
LINE: 96
CODE: if (isset($this->session->data['agree'])) {
LINE: 180
FILE: catalog/language/en-gb/checkout/checkout.php
CODE: $_['text_cart']
LINE: 25
FILE: catalog/controller/total/coupon.php
CODE: $json['redirect'] = $this->url->link('checkout/cart');
LINE: 51
FILE: catalog/controller/total/voucher.php
CODE: $json['redirect'] = $this->url->link('checkout/cart');
LINE: 49
FILE: catalog/controller/total/reward.php
CODE: $json['redirect'] = $this->url->link('checkout/cart');
LINE: 72
FILE: catalog/view/theme/default/template/checkout/payment_method.tpl
CODE: <?php if ($text_agree) { ?>
LINE: 181
----------------------------------------------------------------
MOD: Local copy OCMOD by iSenseLabs
FILE: admin/controller/extension/installer.php
CODE: 'url'  => str_replace('&amp;', '&', $this->url->link('extension/installer/ftp', 'token=' . $this->session->data['token'],
LINE: 132
CODE: public function unzip() {
LINE: 293
----------------------------------------------------------------
MOD: Shipping Icon Checkout Page for F2/F3/MX5 (oc2.2.x)
FILE: catalog/view/theme/default/template/checkout/shipping_method.tpl
CODE: <?php echo $quote['title']; ?>
LINE: 17
FILE: catalog/view/theme/free-avenue-computers-azure/template/checkout/shipping_method.tpl
CODE: <?php echo $quote['title']; ?>
LINE: 17
FILE: catalog/model/shipping/pickup.php
CODE: $quote_data['pickup'] = array(
LINE: 24
CODE: => $this->language->get('text_title'),
LINE: 34
FILE: catalog/language/en-gb/shipping/pickup.php
CODE: <?php
LINE: 3
FILE: catalog/model/shipping/flat.php
CODE: $quote_data['flat'] = array(
LINE: 24
CODE: => $this->language->get('text_title'),
LINE: 34
FILE: catalog/language/en-gb/shipping/flat.php
CODE: <?php
LINE: 3
FILE: catalog/model/shipping/free.php
CODE: $quote_data['free'] = array(
LINE: 28
CODE: => $this->language->get('text_title'),
LINE: 38
FILE: catalog/language/en-gb/shipping/free.php
CODE: <?php
LINE: 3
----------------------------------------------------------------
2017-08-29 9:53:27 - MOD: Modification Default
FILE: system/engine/action.php
REGEX: ~(require|include)(_once)?\(([^)]+)~
LINE: 34
FILE: system/engine/loader.php
REGEX: ~(require|include)(_once)?\(([^)]+)~
LINE: 41
LINE: 92
LINE: 104
LINE: 142
FILE: system/library/config.php
REGEX: ~(require|include)(_once)?\(([^)]+)~
LINE: 23
FILE: system/library/language.php
REGEX: ~(require|include)(_once)?\(([^)]+)~
LINE: 35
LINE: 41
LINE: 47
FILE: system/library/template/basic.php
REGEX: ~(require|include)(_once)?\(([^)]+)~
LINE: 18
----------------------------------------------------------------
MOD: AJAX Live Search
FILE: catalog/controller/common/footer.php
CODE: $this->load->language('common/footer');
LINE: 15
FILE: catalog/view/theme/default/template/common/footer.tpl
CODE: </footer>
LINE: 148
FILE: catalog/view/theme/free-avenue-computers-azure/template/common/footer.tpl
CODE: </footer>
LINE: 193
----------------------------------------------------------------
MOD: Apply During Checkout
FILE: catalog/controller/checkout/payment_method.php
CODE: $data['text_comments'] = $this->language->get('text_comments');
LINE: 97
CODE: $data['text_payment_method'] = $this->language->get('text_payment_method');
LINE: 96
CODE: if (isset($this->session->data['agree'])) {
LINE: 180
FILE: catalog/language/en-gb/checkout/checkout.php
CODE: $_['text_cart']
LINE: 25
FILE: catalog/controller/total/coupon.php
CODE: $json['redirect'] = $this->url->link('checkout/cart');
LINE: 51
FILE: catalog/controller/total/voucher.php
CODE: $json['redirect'] = $this->url->link('checkout/cart');
LINE: 49
FILE: catalog/controller/total/reward.php
CODE: $json['redirect'] = $this->url->link('checkout/cart');
LINE: 72
FILE: catalog/view/theme/default/template/checkout/payment_method.tpl
CODE: <?php if ($text_agree) { ?>
LINE: 181
----------------------------------------------------------------
MOD: Local copy OCMOD by iSenseLabs
FILE: admin/controller/extension/installer.php
CODE: 'url'  => str_replace('&amp;', '&', $this->url->link('extension/installer/ftp', 'token=' . $this->session->data['token'],
LINE: 132
CODE: public function unzip() {
LINE: 293
----------------------------------------------------------------
MOD: Shipping Icon Checkout Page for F2/F3/MX5 (oc2.2.x)
FILE: catalog/view/theme/default/template/checkout/shipping_method.tpl
CODE: <?php echo $quote['title']; ?>
LINE: 17
FILE: catalog/view/theme/free-avenue-computers-azure/template/checkout/shipping_method.tpl
CODE: <?php echo $quote['title']; ?>
LINE: 17
FILE: catalog/model/shipping/pickup.php
CODE: $quote_data['pickup'] = array(
LINE: 24
CODE: => $this->language->get('text_title'),
LINE: 34
FILE: catalog/language/en-gb/shipping/pickup.php
CODE: <?php
LINE: 3
FILE: catalog/model/shipping/flat.php
CODE: $quote_data['flat'] = array(
LINE: 24
CODE: => $this->language->get('text_title'),
LINE: 34
FILE: catalog/language/en-gb/shipping/flat.php
CODE: <?php
LINE: 3
FILE: catalog/model/shipping/free.php
CODE: $quote_data['free'] = array(
LINE: 28
CODE: => $this->language->get('text_title'),
LINE: 38
FILE: catalog/language/en-gb/shipping/free.php
CODE: <?php
LINE: 3
----------------------------------------------------------------
2017-08-29 10:05:51 - MOD: Modification Default
FILE: system/engine/action.php
REGEX: ~(require|include)(_once)?\(([^)]+)~
LINE: 34
FILE: system/engine/loader.php
REGEX: ~(require|include)(_once)?\(([^)]+)~
LINE: 41
LINE: 92
LINE: 104
LINE: 142
FILE: system/library/config.php
REGEX: ~(require|include)(_once)?\(([^)]+)~
LINE: 23
FILE: system/library/language.php
REGEX: ~(require|include)(_once)?\(([^)]+)~
LINE: 35
LINE: 41
LINE: 47
FILE: system/library/template/basic.php
REGEX: ~(require|include)(_once)?\(([^)]+)~
LINE: 18
----------------------------------------------------------------
MOD: AJAX Live Search
FILE: catalog/controller/common/footer.php
CODE: $this->load->language('common/footer');
LINE: 15
FILE: catalog/view/theme/default/template/common/footer.tpl
CODE: </footer>
LINE: 148
FILE: catalog/view/theme/free-avenue-computers-azure/template/common/footer.tpl
CODE: </footer>
LINE: 193
----------------------------------------------------------------
MOD: Apply During Checkout
FILE: catalog/controller/checkout/payment_method.php
CODE: $data['text_comments'] = $this->language->get('text_comments');
LINE: 97
CODE: $data['text_payment_method'] = $this->language->get('text_payment_method');
LINE: 96
CODE: if (isset($this->session->data['agree'])) {
LINE: 180
FILE: catalog/language/en-gb/checkout/checkout.php
CODE: $_['text_cart']
LINE: 25
FILE: catalog/controller/total/coupon.php
CODE: $json['redirect'] = $this->url->link('checkout/cart');
LINE: 51
FILE: catalog/controller/total/voucher.php
CODE: $json['redirect'] = $this->url->link('checkout/cart');
LINE: 49
FILE: catalog/controller/total/reward.php
CODE: $json['redirect'] = $this->url->link('checkout/cart');
LINE: 72
FILE: catalog/view/theme/default/template/checkout/payment_method.tpl
CODE: <?php if ($text_agree) { ?>
LINE: 181
----------------------------------------------------------------
MOD: Local copy OCMOD by iSenseLabs
FILE: admin/controller/extension/installer.php
CODE: 'url'  => str_replace('&amp;', '&', $this->url->link('extension/installer/ftp', 'token=' . $this->session->data['token'],
LINE: 132
CODE: public function unzip() {
LINE: 293
----------------------------------------------------------------
MOD: Shipping Icon Checkout Page for F2/F3/MX5 (oc2.2.x)
FILE: catalog/view/theme/default/template/checkout/shipping_method.tpl
CODE: <?php echo $quote['title']; ?>
LINE: 17
FILE: catalog/view/theme/free-avenue-computers-azure/template/checkout/shipping_method.tpl
CODE: <?php echo $quote['title']; ?>
LINE: 17
FILE: catalog/model/shipping/pickup.php
CODE: $quote_data['pickup'] = array(
LINE: 24
CODE: => $this->language->get('text_title'),
LINE: 34
FILE: catalog/language/en-gb/shipping/pickup.php
CODE: <?php
LINE: 3
FILE: catalog/model/shipping/flat.php
CODE: $quote_data['flat'] = array(
LINE: 24
CODE: => $this->language->get('text_title'),
LINE: 34
FILE: catalog/language/en-gb/shipping/flat.php
CODE: <?php
LINE: 3
FILE: catalog/model/shipping/free.php
CODE: $quote_data['free'] = array(
LINE: 28
CODE: => $this->language->get('text_title'),
LINE: 38
FILE: catalog/language/en-gb/shipping/free.php
CODE: <?php
LINE: 3
----------------------------------------------------------------
